\BOOKMARK [0][-]{chapter.1}{\376\377\000D\000e\000p\000e\000d\000e\000n\000i\000c\000e\000s}{}% 1
\BOOKMARK [0][-]{chapter.2}{\376\377\000I\000n\000s\000t\000a\000l\000l\000a\000t\000i\000o\000n}{}% 2
\BOOKMARK [0][-]{chapter.3}{\376\377\000U\000s\000a\000g\000e}{}% 3
\BOOKMARK [1][-]{section.3.1}{\376\377\000C\000o\000o\000l\000D\000w\000a\000r\000f\000\040\000p\000a\000c\000k\000a\000g\000e}{chapter.3}% 4
\BOOKMARK [2][-]{subsection.3.1.1}{\376\377\000S\000u\000b\000p\000a\000c\000k\000a\000g\000e\000s}{section.3.1}% 5
\BOOKMARK [3][-]{subsubsection*.3}{\376\377\000C\000o\000o\000l\000D\000w\000a\000r\000f\000.\000E\000O\000S\000\040\000p\000a\000c\000k\000a\000g\000e}{subsection.3.1.1}% 6
\BOOKMARK [4][-]{paragraph*.4}{\376\377\000S\000u\000b\000p\000a\000c\000k\000a\000g\000e\000s}{subsubsection*.3}% 7
\BOOKMARK [5][-]{subparagraph*.5}{\376\377\000C\000o\000o\000l\000D\000w\000a\000r\000f\000.\000E\000O\000S\000.\000C\000h\000a\000b\000r\000i\000e\000r\000D\000e\000b\000r\000a\000s\0002\0000\0002\0001\000\040\000p\000a\000c\000k\000a\000g\000e}{paragraph*.4}% 8
\BOOKMARK [5][-]{subparagraph*.6}{\376\377\000S\000u\000b\000m\000o\000d\000u\000l\000e\000s}{paragraph*.4}% 9
\BOOKMARK [5][-]{subparagraph*.7}{\376\377\000C\000o\000o\000l\000D\000w\000a\000r\000f\000.\000E\000O\000S\000.\000C\000h\000a\000b\000r\000i\000e\000r\000D\000e\000b\000r\000a\000s\0002\0000\0002\0001\000.\000E\000O\000S\000\040\000m\000o\000d\000u\000l\000e}{paragraph*.4}% 10
\BOOKMARK [5][-]{subparagraph*.8}{\376\377\000D\000e\000p\000e\000n\000d\000e\000n\000c\000i\000e\000s}{paragraph*.4}% 11
\BOOKMARK [5][-]{subparagraph*.9}{\376\377\000E\000x\000a\000m\000p\000l\000e\000\040\000u\000s\000a\000g\000e}{paragraph*.4}% 12
\BOOKMARK [5][-]{subparagraph*.18}{\376\377\000M\000o\000d\000u\000l\000e\000\040\000c\000o\000n\000t\000e\000n\000t\000s}{paragraph*.4}% 13
\BOOKMARK [5][-]{subparagraph*.19}{\376\377\000C\000o\000o\000l\000D\000w\000a\000r\000f\000.\000E\000O\000S\000.\000i\000n\000v\000e\000r\000t\000\040\000p\000a\000c\000k\000a\000g\000e}{paragraph*.4}% 14
\BOOKMARK [5][-]{subparagraph*.20}{\376\377\000S\000u\000b\000m\000o\000d\000u\000l\000e\000s}{paragraph*.4}% 15
\BOOKMARK [5][-]{subparagraph*.21}{\376\377\000C\000o\000o\000l\000D\000w\000a\000r\000f\000.\000E\000O\000S\000.\000i\000n\000v\000e\000r\000t\000.\000E\000O\000S\000I\000n\000v\000e\000r\000t\000e\000r\000\040\000m\000o\000d\000u\000l\000e}{paragraph*.4}% 16
\BOOKMARK [5][-]{subparagraph*.22}{\376\377\000D\000e\000p\000e\000n\000d\000e\000n\000c\000i\000e\000s}{paragraph*.4}% 17
\BOOKMARK [5][-]{subparagraph*.23}{\376\377\000E\000x\000a\000m\000p\000l\000e\000\040\000u\000s\000a\000g\000e}{paragraph*.4}% 18
\BOOKMARK [5][-]{subparagraph*.28}{\376\377\000M\000o\000d\000u\000l\000e\000\040\000c\000o\000n\000t\000e\000n\000t\000s}{paragraph*.4}% 19
\BOOKMARK [4][-]{paragraph*.29}{\376\377\000S\000u\000b\000m\000o\000d\000u\000l\000e\000s}{subsubsection*.3}% 20
\BOOKMARK [4][-]{paragraph*.30}{\376\377\000C\000o\000o\000l\000D\000w\000a\000r\000f\000.\000E\000O\000S\000.\000E\000O\000S\000\040\000m\000o\000d\000u\000l\000e}{subsubsection*.3}% 21
\BOOKMARK [5][-]{subparagraph*.31}{\376\377\000D\000e\000p\000e\000n\000d\000e\000n\000c\000i\000e\000s}{paragraph*.30}% 22
\BOOKMARK [5][-]{subparagraph*.32}{\376\377\000E\000x\000a\000m\000p\000l\000e\000\040\000u\000s\000a\000g\000e}{paragraph*.30}% 23
\BOOKMARK [4][-]{paragraph*.34}{\376\377\000M\000o\000d\000u\000l\000e\000\040\000c\000o\000n\000t\000e\000n\000t\000s}{subsubsection*.3}% 24
\BOOKMARK [3][-]{subsubsection*.35}{\376\377\000C\000o\000o\000l\000D\000w\000a\000r\000f\000.\000e\000r\000r\000\040\000p\000a\000c\000k\000a\000g\000e}{subsection.3.1.1}% 25
\BOOKMARK [4][-]{paragraph*.36}{\376\377\000S\000u\000b\000m\000o\000d\000u\000l\000e\000s}{subsubsection*.35}% 26
\BOOKMARK [4][-]{paragraph*.37}{\376\377\000C\000o\000o\000l\000D\000w\000a\000r\000f\000.\000e\000r\000r\000.\000e\000n\000e\000r\000g\000y\000\040\000m\000o\000d\000u\000l\000e}{subsubsection*.35}% 27
\BOOKMARK [4][-]{paragraph*.40}{\376\377\000C\000o\000o\000l\000D\000w\000a\000r\000f\000.\000e\000r\000r\000.\000e\000o\000s\000\040\000m\000o\000d\000u\000l\000e}{subsubsection*.35}% 28
\BOOKMARK [4][-]{paragraph*.44}{\376\377\000M\000o\000d\000u\000l\000e\000\040\000c\000o\000n\000t\000e\000n\000t\000s}{subsubsection*.35}% 29
\BOOKMARK [3][-]{subsubsection*.45}{\376\377\000C\000o\000o\000l\000D\000w\000a\000r\000f\000.\000e\000x\000t\000\040\000p\000a\000c\000k\000a\000g\000e}{subsection.3.1.1}% 30
\BOOKMARK [4][-]{paragraph*.46}{\376\377\000M\000o\000d\000u\000l\000e\000\040\000c\000o\000n\000t\000e\000n\000t\000s}{subsubsection*.45}% 31
\BOOKMARK [3][-]{subsubsection*.47}{\376\377\000C\000o\000o\000l\000D\000w\000a\000r\000f\000.\000m\000o\000d\000e\000l\000\040\000p\000a\000c\000k\000a\000g\000e}{subsection.3.1.1}% 32
\BOOKMARK [4][-]{paragraph*.48}{\376\377\000S\000u\000b\000p\000a\000c\000k\000a\000g\000e\000s}{subsubsection*.47}% 33
\BOOKMARK [5][-]{subparagraph*.49}{\376\377\000C\000o\000o\000l\000D\000w\000a\000r\000f\000.\000m\000o\000d\000e\000l\000.\000d\000s\000e\000p\000\040\000p\000a\000c\000k\000a\000g\000e}{paragraph*.48}% 34
\BOOKMARK [5][-]{subparagraph*.50}{\376\377\000S\000u\000b\000m\000o\000d\000u\000l\000e\000s}{paragraph*.48}% 35
\BOOKMARK [5][-]{subparagraph*.51}{\376\377\000C\000o\000o\000l\000D\000w\000a\000r\000f\000.\000m\000o\000d\000e\000l\000.\000d\000s\000e\000p\000.\000d\000s\000e\000p\000\040\000m\000o\000d\000u\000l\000e}{paragraph*.48}% 36
\BOOKMARK [5][-]{subparagraph*.53}{\376\377\000M\000o\000d\000u\000l\000e\000\040\000c\000o\000n\000t\000e\000n\000t\000s}{paragraph*.48}% 37
\BOOKMARK [5][-]{subparagraph*.54}{\376\377\000C\000o\000o\000l\000D\000w\000a\000r\000f\000.\000m\000o\000d\000e\000l\000.\000m\000e\000s\000a\000\040\000p\000a\000c\000k\000a\000g\000e}{paragraph*.48}% 38
\BOOKMARK [5][-]{subparagraph*.55}{\376\377\000S\000u\000b\000m\000o\000d\000u\000l\000e\000s}{paragraph*.48}% 39
\BOOKMARK [5][-]{subparagraph*.56}{\376\377\000C\000o\000o\000l\000D\000w\000a\000r\000f\000.\000m\000o\000d\000e\000l\000.\000m\000e\000s\000a\000.\000m\000e\000s\000a\000\040\000m\000o\000d\000u\000l\000e}{paragraph*.48}% 40
\BOOKMARK [5][-]{subparagraph*.57}{\376\377\000D\000e\000p\000e\000n\000d\000e\000n\000c\000i\000e\000s}{paragraph*.48}% 41
\BOOKMARK [5][-]{subparagraph*.58}{\376\377\000E\000x\000a\000m\000p\000l\000e\000\040\000u\000s\000a\000g\000e}{paragraph*.48}% 42
\BOOKMARK [5][-]{subparagraph*.60}{\376\377\000M\000o\000d\000u\000l\000e\000\040\000c\000o\000n\000t\000e\000n\000t\000s}{paragraph*.48}% 43
\BOOKMARK [4][-]{paragraph*.61}{\376\377\000S\000u\000b\000m\000o\000d\000u\000l\000e\000s}{subsubsection*.47}% 44
\BOOKMARK [4][-]{paragraph*.62}{\376\377\000C\000o\000o\000l\000D\000w\000a\000r\000f\000.\000m\000o\000d\000e\000l\000.\000m\000o\000d\000e\000l\000\040\000m\000o\000d\000u\000l\000e}{subsubsection*.47}% 45
\BOOKMARK [5][-]{subparagraph*.63}{\376\377\000D\000e\000p\000e\000n\000d\000e\000n\000c\000i\000e\000s}{paragraph*.62}% 46
\BOOKMARK [5][-]{subparagraph*.64}{\376\377\000E\000x\000a\000m\000p\000l\000e\000\040\000u\000s\000a\000g\000e}{paragraph*.62}% 47
\BOOKMARK [4][-]{paragraph*.66}{\376\377\000M\000o\000d\000u\000l\000e\000\040\000c\000o\000n\000t\000e\000n\000t\000s}{subsubsection*.47}% 48
\BOOKMARK [3][-]{subsubsection*.67}{\376\377\000C\000o\000o\000l\000D\000w\000a\000r\000f\000.\000o\000p\000a\000c\000\040\000p\000a\000c\000k\000a\000g\000e}{subsection.3.1.1}% 49
\BOOKMARK [4][-]{paragraph*.68}{\376\377\000S\000u\000b\000p\000a\000c\000k\000a\000g\000e\000s}{subsubsection*.67}% 50
\BOOKMARK [5][-]{subparagraph*.69}{\376\377\000C\000o\000o\000l\000D\000w\000a\000r\000f\000.\000o\000p\000a\000c\000.\000a\000e\000s\000o\000p\000u\000s\000\040\000p\000a\000c\000k\000a\000g\000e}{paragraph*.68}% 51
\BOOKMARK [5][-]{subparagraph*.70}{\376\377\000S\000u\000b\000m\000o\000d\000u\000l\000e\000s}{paragraph*.68}% 52
\BOOKMARK [5][-]{subparagraph*.71}{\376\377\000C\000o\000o\000l\000D\000w\000a\000r\000f\000.\000o\000p\000a\000c\000.\000a\000e\000s\000o\000p\000u\000s\000.\000l\000o\000a\000d\000\040\000m\000o\000d\000u\000l\000e}{paragraph*.68}% 53
\BOOKMARK [5][-]{subparagraph*.73}{\376\377\000M\000o\000d\000u\000l\000e\000\040\000c\000o\000n\000t\000e\000n\000t\000s}{paragraph*.68}% 54
\BOOKMARK [4][-]{paragraph*.74}{\376\377\000S\000u\000b\000m\000o\000d\000u\000l\000e\000s}{subsubsection*.67}% 55
\BOOKMARK [4][-]{paragraph*.75}{\376\377\000C\000o\000o\000l\000D\000w\000a\000r\000f\000.\000o\000p\000a\000c\000.\000k\000r\000a\000m\000e\000r\000\040\000m\000o\000d\000u\000l\000e}{subsubsection*.67}% 56
\BOOKMARK [5][-]{subparagraph*.76}{\376\377\000E\000x\000a\000m\000p\000l\000e\000\040\000u\000s\000a\000g\000e}{paragraph*.75}% 57
\BOOKMARK [4][-]{paragraph*.79}{\376\377\000C\000o\000o\000l\000D\000w\000a\000r\000f\000.\000o\000p\000a\000c\000.\000o\000p\000a\000c\000I\000n\000t\000e\000r\000p\000\040\000m\000o\000d\000u\000l\000e}{subsubsection*.67}% 58
\BOOKMARK [4][-]{paragraph*.82}{\376\377\000M\000o\000d\000u\000l\000e\000\040\000c\000o\000n\000t\000e\000n\000t\000s}{subsubsection*.67}% 59
\BOOKMARK [3][-]{subsubsection*.83}{\376\377\000C\000o\000o\000l\000D\000w\000a\000r\000f\000.\000s\000t\000a\000r\000\040\000p\000a\000c\000k\000a\000g\000e}{subsection.3.1.1}% 60
\BOOKMARK [4][-]{paragraph*.84}{\376\377\000S\000u\000b\000m\000o\000d\000u\000l\000e\000s}{subsubsection*.83}% 61
\BOOKMARK [4][-]{paragraph*.85}{\376\377\000C\000o\000o\000l\000D\000w\000a\000r\000f\000.\000s\000t\000a\000r\000.\000s\000p\000h\000e\000r\000e\000\040\000m\000o\000d\000u\000l\000e}{subsubsection*.83}% 62
\BOOKMARK [5][-]{subparagraph*.86}{\376\377\000D\000e\000p\000e\000n\000d\000e\000n\000c\000i\000e\000s}{paragraph*.85}% 63
\BOOKMARK [5][-]{subparagraph*.87}{\376\377\000C\000l\000a\000s\000s\000e\000s}{paragraph*.85}% 64
\BOOKMARK [5][-]{subparagraph*.88}{\376\377\000F\000u\000n\000c\000t\000i\000o\000n\000s}{paragraph*.85}% 65
\BOOKMARK [5][-]{subparagraph*.89}{\376\377\000E\000x\000c\000e\000p\000t\000i\000o\000n\000s}{paragraph*.85}% 66
\BOOKMARK [5][-]{subparagraph*.90}{\376\377\000E\000x\000a\000m\000p\000l\000e\000\040\000U\000s\000a\000g\000e}{paragraph*.85}% 67
\BOOKMARK [4][-]{paragraph*.122}{\376\377\000M\000o\000d\000u\000l\000e\000\040\000c\000o\000n\000t\000e\000n\000t\000s}{subsubsection*.83}% 68
\BOOKMARK [3][-]{subsubsection*.123}{\376\377\000C\000o\000o\000l\000D\000w\000a\000r\000f\000.\000u\000t\000i\000l\000s\000\040\000p\000a\000c\000k\000a\000g\000e}{subsection.3.1.1}% 69
\BOOKMARK [4][-]{paragraph*.124}{\376\377\000S\000u\000b\000p\000a\000c\000k\000a\000g\000e\000s}{subsubsection*.123}% 70
\BOOKMARK [5][-]{subparagraph*.125}{\376\377\000C\000o\000o\000l\000D\000w\000a\000r\000f\000.\000u\000t\000i\000l\000s\000.\000c\000o\000n\000s\000t\000\040\000p\000a\000c\000k\000a\000g\000e}{paragraph*.124}% 71
\BOOKMARK [5][-]{subparagraph*.126}{\376\377\000S\000u\000b\000m\000o\000d\000u\000l\000e\000s}{paragraph*.124}% 72
\BOOKMARK [5][-]{subparagraph*.127}{\376\377\000C\000o\000o\000l\000D\000w\000a\000r\000f\000.\000u\000t\000i\000l\000s\000.\000c\000o\000n\000s\000t\000.\000c\000o\000n\000s\000t\000\040\000m\000o\000d\000u\000l\000e}{paragraph*.124}% 73
\BOOKMARK [5][-]{subparagraph*.128}{\376\377\000E\000x\000a\000m\000p\000l\000e\000\040\000u\000s\000a\000g\000e}{paragraph*.124}% 74
\BOOKMARK [5][-]{subparagraph*.129}{\376\377\000M\000o\000d\000u\000l\000e\000\040\000c\000o\000n\000t\000e\000n\000t\000s}{paragraph*.124}% 75
\BOOKMARK [5][-]{subparagraph*.130}{\376\377\000C\000o\000o\000l\000D\000w\000a\000r\000f\000.\000u\000t\000i\000l\000s\000.\000f\000o\000r\000m\000a\000t\000\040\000p\000a\000c\000k\000a\000g\000e}{paragraph*.124}% 76
\BOOKMARK [5][-]{subparagraph*.131}{\376\377\000S\000u\000b\000m\000o\000d\000u\000l\000e\000s}{paragraph*.124}% 77
\BOOKMARK [5][-]{subparagraph*.132}{\376\377\000C\000o\000o\000l\000D\000w\000a\000r\000f\000.\000u\000t\000i\000l\000s\000.\000f\000o\000r\000m\000a\000t\000.\000f\000o\000r\000m\000a\000t\000\040\000m\000o\000d\000u\000l\000e}{paragraph*.124}% 78
\BOOKMARK [5][-]{subparagraph*.135}{\376\377\000M\000o\000d\000u\000l\000e\000\040\000c\000o\000n\000t\000e\000n\000t\000s}{paragraph*.124}% 79
\BOOKMARK [5][-]{subparagraph*.136}{\376\377\000C\000o\000o\000l\000D\000w\000a\000r\000f\000.\000u\000t\000i\000l\000s\000.\000i\000n\000t\000e\000r\000p\000\040\000p\000a\000c\000k\000a\000g\000e}{paragraph*.124}% 80
\BOOKMARK [5][-]{subparagraph*.137}{\376\377\000S\000u\000b\000m\000o\000d\000u\000l\000e\000s}{paragraph*.124}% 81
\BOOKMARK [5][-]{subparagraph*.138}{\376\377\000C\000o\000o\000l\000D\000w\000a\000r\000f\000.\000u\000t\000i\000l\000s\000.\000i\000n\000t\000e\000r\000p\000.\000i\000n\000t\000e\000r\000p\000o\000l\000a\000t\000e\000\040\000m\000o\000d\000u\000l\000e}{paragraph*.124}% 82
\BOOKMARK [5][-]{subparagraph*.142}{\376\377\000M\000o\000d\000u\000l\000e\000\040\000c\000o\000n\000t\000e\000n\000t\000s}{paragraph*.124}% 83
\BOOKMARK [5][-]{subparagraph*.143}{\376\377\000C\000o\000o\000l\000D\000w\000a\000r\000f\000.\000u\000t\000i\000l\000s\000.\000m\000a\000t\000h\000\040\000p\000a\000c\000k\000a\000g\000e}{paragraph*.124}% 84
\BOOKMARK [5][-]{subparagraph*.144}{\376\377\000S\000u\000b\000m\000o\000d\000u\000l\000e\000s}{paragraph*.124}% 85
\BOOKMARK [5][-]{subparagraph*.145}{\376\377\000C\000o\000o\000l\000D\000w\000a\000r\000f\000.\000u\000t\000i\000l\000s\000.\000m\000a\000t\000h\000.\000c\000a\000l\000c\000\040\000m\000o\000d\000u\000l\000e}{paragraph*.124}% 86
\BOOKMARK [5][-]{subparagraph*.146}{\376\377\000D\000e\000p\000e\000n\000d\000e\000n\000c\000i\000e\000s}{paragraph*.124}% 87
\BOOKMARK [5][-]{subparagraph*.147}{\376\377\000E\000x\000a\000m\000p\000l\000e\000\040\000u\000s\000a\000g\000e}{paragraph*.124}% 88
\BOOKMARK [5][-]{subparagraph*.150}{\376\377\000C\000o\000o\000l\000D\000w\000a\000r\000f\000.\000u\000t\000i\000l\000s\000.\000m\000a\000t\000h\000.\000k\000e\000r\000n\000e\000l\000\040\000m\000o\000d\000u\000l\000e}{paragraph*.124}% 89
\BOOKMARK [5][-]{subparagraph*.152}{\376\377\000M\000o\000d\000u\000l\000e\000\040\000c\000o\000n\000t\000e\000n\000t\000s}{paragraph*.124}% 90
\BOOKMARK [5][-]{subparagraph*.153}{\376\377\000C\000o\000o\000l\000D\000w\000a\000r\000f\000.\000u\000t\000i\000l\000s\000.\000m\000i\000s\000c\000\040\000p\000a\000c\000k\000a\000g\000e}{paragraph*.124}% 91
\BOOKMARK [5][-]{subparagraph*.154}{\376\377\000S\000u\000b\000m\000o\000d\000u\000l\000e\000s}{paragraph*.124}% 92
\BOOKMARK [5][-]{subparagraph*.155}{\376\377\000C\000o\000o\000l\000D\000w\000a\000r\000f\000.\000u\000t\000i\000l\000s\000.\000m\000i\000s\000c\000.\000e\000v\000o\000l\000v\000e\000\040\000m\000o\000d\000u\000l\000e}{paragraph*.124}% 93
\BOOKMARK [5][-]{subparagraph*.156}{\376\377\000C\000o\000o\000l\000D\000w\000a\000r\000f\000.\000u\000t\000i\000l\000s\000.\000m\000i\000s\000c\000.\000l\000o\000g\000g\000i\000n\000g\000\040\000m\000o\000d\000u\000l\000e}{paragraph*.124}% 94
\BOOKMARK [5][-]{subparagraph*.157}{\376\377\000E\000x\000a\000m\000p\000l\000e\000\040\000u\000s\000a\000g\000e}{paragraph*.124}% 95
\BOOKMARK [5][-]{subparagraph*.164}{\376\377\000C\000o\000o\000l\000D\000w\000a\000r\000f\000.\000u\000t\000i\000l\000s\000.\000m\000i\000s\000c\000.\000n\000d\000a\000r\000r\000a\000y\000\040\000m\000o\000d\000u\000l\000e}{paragraph*.124}% 96
\BOOKMARK [5][-]{subparagraph*.166}{\376\377\000M\000o\000d\000u\000l\000e\000\040\000c\000o\000n\000t\000e\000n\000t\000s}{paragraph*.124}% 97
\BOOKMARK [5][-]{subparagraph*.167}{\376\377\000C\000o\000o\000l\000D\000w\000a\000r\000f\000.\000u\000t\000i\000l\000s\000.\000p\000l\000o\000t\000\040\000p\000a\000c\000k\000a\000g\000e}{paragraph*.124}% 98
\BOOKMARK [5][-]{subparagraph*.168}{\376\377\000S\000u\000b\000m\000o\000d\000u\000l\000e\000s}{paragraph*.124}% 99
\BOOKMARK [5][-]{subparagraph*.169}{\376\377\000C\000o\000o\000l\000D\000w\000a\000r\000f\000.\000u\000t\000i\000l\000s\000.\000p\000l\000o\000t\000.\000p\000l\000o\000t\0002\000d\000\040\000m\000o\000d\000u\000l\000e}{paragraph*.124}% 100
\BOOKMARK [5][-]{subparagraph*.172}{\376\377\000C\000o\000o\000l\000D\000w\000a\000r\000f\000.\000u\000t\000i\000l\000s\000.\000p\000l\000o\000t\000.\000p\000l\000o\000t\0003\000d\000\040\000m\000o\000d\000u\000l\000e}{paragraph*.124}% 101
\BOOKMARK [5][-]{subparagraph*.174}{\376\377\000M\000o\000d\000u\000l\000e\000\040\000c\000o\000n\000t\000e\000n\000t\000s}{paragraph*.124}% 102
\BOOKMARK [4][-]{paragraph*.175}{\376\377\000M\000o\000d\000u\000l\000e\000\040\000c\000o\000n\000t\000e\000n\000t\000s}{subsubsection*.123}% 103
\BOOKMARK [2][-]{subsection.3.1.2}{\376\377\000M\000o\000d\000u\000l\000e\000\040\000c\000o\000n\000t\000e\000n\000t\000s}{section.3.1}% 104
\BOOKMARK [1][-]{section.3.2}{\376\377\000I\000n\000d\000i\000c\000e\000s\000\040\000a\000n\000d\000\040\000t\000a\000b\000l\000e\000s}{chapter.3}% 105
\BOOKMARK [0][-]{section*.176}{\376\377\000P\000y\000t\000h\000o\000n\000\040\000M\000o\000d\000u\000l\000e\000\040\000I\000n\000d\000e\000x}{}% 106
\BOOKMARK [0][-]{section*.177}{\376\377\000I\000n\000d\000e\000x}{}% 107
